0 info it worked if it ends with ok
1 verbose cli [ 'D:\\Webstorm\\node.exe',
1 verbose cli   'C:\\Users\\Client\\AppData\\Roaming\\npm\\node_modules\\npm\\bin\\npm-cli.js',
1 verbose cli   'start' ]
2 info using npm@3.10.9
3 info using node@v6.9.2
4 verbose run-script [ 'prestart', 'start', 'poststart' ]
5 info lifecycle redux-simple-starter@1.0.0~prestart: redux-simple-starter@1.0.0
6 silly lifecycle redux-simple-starter@1.0.0~prestart: no script for prestart, continuing
7 info lifecycle redux-simple-starter@1.0.0~start: redux-simple-starter@1.0.0
8 verbose lifecycle redux-simple-starter@1.0.0~start: unsafe-perm in lifecycle true
9 verbose lifecycle redux-simple-starter@1.0.0~start: PATH: C:\Users\Client\AppData\Roaming\npm\node_modules\npm\bin\node-gyp-bin;D:\Webstorm\JavaScript\paytm\performance_review_client\node_modules\.bin;C:\Program Files (x86)\Wizvera\Delfino;C:\Program Files (x86)\Intel\iCLS Client\;C:\Program Files\Intel\iCLS Client\;C:\Windows\system32;C:\Windows;C:\Windows\System32\Wbem;C:\Windows\System32\WindowsPowerShell\v1.0\;C:\Program Files\Intel\Intel(R) Management Engine Components\DAL;C:\Program Files\Intel\Intel(R) Management Engine Components\IPT;C:\Program Files (x86)\Intel\Intel(R) Management Engine Components\DAL;C:\Program Files (x86)\Intel\Intel(R) Management Engine Components\IPT;C:\Program Files (x86)\Common Files\Teruten\DSFilter;C:\Program Files (x86)\Windows Kits\8.1\Windows Performance Toolkit\;C:\Program Files\Microsoft SQL Server\110\Tools\Binn\;C:\Program Files\Java\jdk1.8.0_05\bin;C:\Program Files (x86)\Skype\Phone\;C:\Program Files (x86)\NVIDIA Corporation\PhysX\Common;C:\Windows\SysWOW64;D:\Webstorm\MongoDB\bin\;C:\Program Files\Git\cmd;D:\Webstorm\;D:\OPENSHIFT_ORIGIN\Vagrant\bin;C:\Users\Client\AppData\Roaming\npm
10 verbose lifecycle redux-simple-starter@1.0.0~start: CWD: D:\Webstorm\JavaScript\paytm\performance_review_client
11 silly lifecycle redux-simple-starter@1.0.0~start: Args: [ '/d /s /c',
11 silly lifecycle   'cross-env NODE_ENV=development node ./node_modules/webpack-dev-server/bin/webpack-dev-server.js' ]
12 verbose stack Error: kill ENOSYS
12 verbose stack     at exports._errnoException (util.js:1022:11)
12 verbose stack     at process.kill (internal/process.js:172:13)
12 verbose stack     at process.listener (C:\Users\Client\AppData\Roaming\npm\node_modules\npm\node_modules\npmlog\node_modules\gauge\node_modules\signal-exit\index.js:86:15)
12 verbose stack     at emitNone (events.js:91:20)
12 verbose stack     at process.emit (events.js:185:7)
12 verbose stack     at processEmit (C:\Users\Client\AppData\Roaming\npm\node_modules\npm\node_modules\npmlog\node_modules\gauge\node_modules\signal-exit\index.js:146:32)
12 verbose stack     at processEmit (C:\Users\Client\AppData\Roaming\npm\node_modules\npm\node_modules\npm-registry-client\node_modules\npmlog\node_modules\gauge\node_modules\signal-exit\index.js:146:32)
12 verbose stack     at Signal.wrap.onsignal (internal/process.js:199:44)
13 verbose cwd D:\Webstorm\JavaScript\paytm\performance_review_client
14 error Windows_NT 6.3.9600
15 error argv "D:\\Webstorm\\node.exe" "C:\\Users\\Client\\AppData\\Roaming\\npm\\node_modules\\npm\\bin\\npm-cli.js" "start"
16 error node v6.9.2
17 error npm  v3.10.9
18 error code ENOSYS
19 error errno ENOSYS
20 error syscall kill
21 error kill ENOSYS
22 error If you need help, you may report this error at:
22 error     <https://github.com/npm/npm/issues>
23 verbose exit [ 1, true ]
